<?xml version="1.0" encoding="utf-8" standalone="no"?>
<!--This file represents the results of running a test suite-->
<test-results name="C:\Users\Tim\Documents\Visual Studio 2013\Projects\InterceptorAdminTester\InterceptorAdminTester\InterceptorTester.sln" total="1" errors="1" failures="0" not-run="0" inconclusive="0" ignored="0" skipped="0" invalid="0" date="2015-06-12" time="10:19:26">
  <environment nunit-version="2.6.4.14350" clr-version="2.0.50727.5485" os-version="Microsoft Windows NT 6.1.7601 Service Pack 1" platform="Win32NT" cwd="C:\Program Files (x86)\NUnit 2.6.4\bin" machine-name="TIM_COMPUTER" user="Tim" user-domain="Tim_Computer" />
  <culture-info current-culture="en-CA" current-uiculture="en-US" />
  <test-suite type="Project" name="C:\Users\Tim\Documents\Visual Studio 2013\Projects\InterceptorAdminTester\InterceptorAdminTester\InterceptorTester.sln" executed="True" result="Failure" success="False" time="0.014" asserts="0">
    <results>
      <test-suite type="Assembly" name="C:\Users\Tim\Documents\Visual Studio 2013\Projects\InterceptorAdminTester\InterceptorAdminTester\InterceptorTester\bin\Debug\InterceptorTester.dll" executed="True" result="Failure" success="False" time="0.014" asserts="0">
        <results>
          <test-suite type="Namespace" name="InterceptorTester" executed="True" result="Failure" success="False" time="0.013" asserts="0">
            <results>
              <test-suite type="Namespace" name="Tests" executed="True" result="Failure" success="False" time="0.012" asserts="0">
                <results>
                  <test-suite type="Namespace" name="AdminTests" executed="True" result="Failure" success="False" time="0.012" asserts="0">
                    <results>
                      <test-suite type="TestFixture" name="InterceptorTest" executed="True" result="Failure" success="False" time="0.010" asserts="0">
                        <results>
                          <test-case name="InterceptorTester.Tests.AdminTests.InterceptorTest.createInterceptor" executed="True" result="Error" success="False" time="0.003" asserts="0">
                            <failure>
                              <message><![CDATA[System.ArgumentNullException : Value cannot be null.
Parameter name: baseUri]]></message>
                              <stack-trace><![CDATA[at System.Uri..ctor(Uri baseUri, String relativeUri)
at ConsoleApplication1.Authenticate.getUri() in c:\Users\Tim\Documents\Visual Studio 2013\Projects\InterceptorAdminTester\InterceptorAdminTester\InterceptorTester\API Operations\Authenticate.cs:line 38
at ConsoleApplication1.HTTPSCalls.<callType>d__a.MoveNext() in c:\Users\Tim\Documents\Visual Studio 2013\Projects\InterceptorAdminTester\InterceptorAdminTester\InterceptorTester\HTTPSCalls.cs:line 84
--- End of stack trace from previous location where exception was thrown ---
at System.Runtime.CompilerServices.TaskAwaiter.ThrowForNonSuccess(Task task)
at System.Runtime.CompilerServices.TaskAwaiter.HandleNonSuccessAndDebuggerNotification(Task task)
at ConsoleApplication1.HTTPSCalls.<runTest>d__0.MoveNext() in c:\Users\Tim\Documents\Visual Studio 2013\Projects\InterceptorAdminTester\InterceptorAdminTester\InterceptorTester\HTTPSCalls.cs:line 43
--- End of stack trace from previous location where exception was thrown ---
at System.Runtime.CompilerServices.TaskAwaiter.ThrowForNonSuccess(Task task)
at System.Runtime.CompilerServices.TaskAwaiter.HandleNonSuccessAndDebuggerNotification(Task task)
at System.Runtime.CompilerServices.TaskAwaiter`1.GetResult()
at InterceptorTester.Tests.AdminTests.AuthenticateTest.<>c__DisplayClass1.<<generateSessionToken>b__0>d__3.MoveNext() in c:\Users\Tim\Documents\Visual Studio 2013\Projects\InterceptorAdminTester\InterceptorAdminTester\InterceptorTester\Tests\AdminTests\AuthenticateTest.cs:line 38
--- End of stack trace from previous location where exception was thrown ---
at System.Runtime.CompilerServices.TaskAwaiter.ThrowForNonSuccess(Task task)
at System.Runtime.CompilerServices.TaskAwaiter.HandleNonSuccessAndDebuggerNotification(Task task)
at System.Runtime.CompilerServices.TaskAwaiter`1.GetResult()
at Nito.AsyncEx.Synchronous.TaskExtensions.WaitAndUnwrapException[TResult](Task`1 task)
at System.Threading.Tasks.ContinuationResultTaskFromResultTask`2.InnerInvoke()
at System.Threading.Tasks.Task.Execute()
--- End of stack trace from previous location where exception was thrown ---
at System.Runtime.CompilerServices.TaskAwaiter.ThrowForNonSuccess(Task task)
at System.Runtime.CompilerServices.TaskAwaiter.HandleNonSuccessAndDebuggerNotification(Task task)
at System.Runtime.CompilerServices.TaskAwaiter`1.GetResult()
at Nito.AsyncEx.AsyncContext.Run[TResult](Func`1 action)
at InterceptorTester.Tests.AdminTests.AuthenticateTest.generateSessionToken() in c:\Users\Tim\Documents\Visual Studio 2013\Projects\InterceptorAdminTester\InterceptorAdminTester\InterceptorTester\Tests\AdminTests\AuthenticateTest.cs:line 38
at InterceptorTester.Tests.AdminTests.AuthenticateTest.getSessionToken() in c:\Users\Tim\Documents\Visual Studio 2013\Projects\InterceptorAdminTester\InterceptorAdminTester\InterceptorTester\Tests\AdminTests\AuthenticateTest.cs:line 59
at InterceptorTester.Tests.AdminTests.OrganizationTest.createOrganization() in c:\Users\Tim\Documents\Visual Studio 2013\Projects\InterceptorAdminTester\InterceptorAdminTester\InterceptorTester\Tests\AdminTests\OrganizationTest.cs:line 38
at InterceptorTester.Tests.AdminTests.OrganizationTest.getOrgId() in c:\Users\Tim\Documents\Visual Studio 2013\Projects\InterceptorAdminTester\InterceptorAdminTester\InterceptorTester\Tests\AdminTests\OrganizationTest.cs:line 142
at InterceptorTester.Tests.AdminTests.LocationTest.createLocation() in c:\Users\Tim\Documents\Visual Studio 2013\Projects\InterceptorAdminTester\InterceptorAdminTester\InterceptorTester\Tests\AdminTests\LocationTest.cs:line 52
at InterceptorTester.Tests.AdminTests.LocationTest.getLocId() in c:\Users\Tim\Documents\Visual Studio 2013\Projects\InterceptorAdminTester\InterceptorAdminTester\InterceptorTester\Tests\AdminTests\LocationTest.cs:line 197
at InterceptorTester.Tests.AdminTests.InterceptorTest.createInterceptor() in c:\Users\Tim\Documents\Visual Studio 2013\Projects\InterceptorAdminTester\InterceptorAdminTester\InterceptorTester\Tests\AdminTests\InterceptorTest.cs:line 48
]]></stack-trace>
                            </failure>
                          </test-case>
                        </results>
                      </test-suite>
                    </results>
                  </test-suite>
                </results>
              </test-suite>
            </results>
          </test-suite>
        </results>
      </test-suite>
    </results>
  </test-suite>
</test-results>